# JRE version: Java(TM) SE Runtime Environment (19.0.1+10) (build 19.0.1+10-21)
# Java VM: Java HotSpot(TM) 64-Bit Server VM (19.0.1+10-21, mixed mode, emulated-client, sharing, tiered, compressed oops, compressed class ptrs, g1 gc, windows-amd64)
GC Precious Log:
 CardTable entry size: 512
 Card Set container configuration: InlinePtr #cards 5 size 8 Array Of Cards #cards 12 size 40 Howl #buckets 4 coarsen threshold 1843 Howl Bitmap #cards 512 size 80 coarsen threshold 460 Card regions per heap region 1 cards per card region 2048
 CPUs: 4 total, 4 available
 Memory: 8095M
 Large Page Support: Disabled
 NUMA Support: Disabled
 Compressed Oops: Enabled (32-bit)
 Heap Region Size: 1M
 Heap Min Capacity: 8M
 Heap Initial Capacity: 128M
 Heap Max Capacity: 2024M
 Pre-touch: Disabled
 Parallel Workers: 4
 Concurrent Workers: 1
 Concurrent Refinement Workers: 4
 Periodic GC: Disabled
Heap:
 garbage-first heap   total 93184K, used 33052K [0x0000000081800000, 0x0000000100000000)
  region size 1024K, 1 young (1024K), 1 survivors (1024K)
 Metaspace       used 64081K, committed 64896K, reserved 1114112K
  class space    used 9103K, committed 9472K, reserved 1048576K
GC Heap History (20 events):
Event: 3.946 GC heap after
{Heap after GC invocations=8 (full 0):
 garbage-first heap   total 58368K, used 17011K [0x0000000081800000, 0x0000000100000000)
  region size 1024K, 2 young (2048K), 2 survivors (2048K)
 Metaspace       used 27163K, committed 27520K, reserved 1114112K
  class space    used 3703K, committed 3840K, reserved 1048576K
}
Event: 4.568 GC heap before
{Heap before GC invocations=8 (full 0):
 garbage-first heap   total 58368K, used 42611K [0x0000000081800000, 0x0000000100000000)
  region size 1024K, 27 young (27648K), 2 survivors (2048K)
 Metaspace       used 32010K, committed 32512K, reserved 1114112K
  class space    used 4420K, committed 4672K, reserved 1048576K
}
Event: 4.574 GC heap after
{Heap after GC invocations=9 (full 0):
 garbage-first heap   total 58368K, used 19550K [0x0000000081800000, 0x0000000100000000)
  region size 1024K, 4 young (4096K), 4 survivors (4096K)
 Metaspace       used 32010K, committed 32512K, reserved 1114112K
  class space    used 4420K, committed 4672K, reserved 1048576K
}
Event: 5.033 GC heap before
{Heap before GC invocations=9 (full 0):
 garbage-first heap   total 58368K, used 42078K [0x0000000081800000, 0x0000000100000000)
  region size 1024K, 26 young (26624K), 4 survivors (4096K)
 Metaspace       used 35600K, committed 36096K, reserved 1114112K
  class space    used 4834K, committed 5056K, reserved 1048576K
}
Event: 5.042 GC heap after
{Heap after GC invocations=10 (full 0):
 garbage-first heap   total 80896K, used 22021K [0x0000000081800000, 0x0000000100000000)
  region size 1024K, 3 young (3072K), 3 survivors (3072K)
 Metaspace       used 35600K, committed 36096K, reserved 1114112K
  class space    used 4834K, committed 5056K, reserved 1048576K
}
Event: 5.046 GC heap before
{Heap before GC invocations=10 (full 0):
 garbage-first heap   total 80896K, used 22021K [0x0000000081800000, 0x0000000100000000)
  region size 1024K, 4 young (4096K), 3 survivors (3072K)
 Metaspace       used 35673K, committed 36160K, reserved 1114112K
  class space    used 4842K, committed 5056K, reserved 1048576K
}
Event: 5.049 GC heap after
{Heap after GC invocations=11 (full 0):
 garbage-first heap   total 80896K, used 21752K [0x0000000081800000, 0x0000000100000000)
  region size 1024K, 3 young (3072K), 3 survivors (3072K)
 Metaspace       used 35673K, committed 36160K, reserved 1114112K
  class space    used 4842K, committed 5056K, reserved 1048576K
}
Event: 6.125 GC heap before
{Heap before GC invocations=12 (full 0):
 garbage-first heap   total 80896K, used 60664K [0x0000000081800000, 0x0000000100000000)
  region size 1024K, 41 young (41984K), 3 survivors (3072K)
 Metaspace       used 43920K, committed 44480K, reserved 1114112K
  class space    used 6012K, committed 6272K, reserved 1048576K
}
Event: 6.131 GC heap after
{Heap after GC invocations=13 (full 0):
 garbage-first heap   total 80896K, used 23872K [0x0000000081800000, 0x0000000100000000)
  region size 1024K, 5 young (5120K), 5 survivors (5120K)
 Metaspace       used 43920K, committed 44480K, reserved 1114112K
  class space    used 6012K, committed 6272K, reserved 1048576K
}
Event: 6.152 GC heap before
{Heap before GC invocations=13 (full 0):
 garbage-first heap   total 80896K, used 24896K [0x0000000081800000, 0x0000000100000000)
  region size 1024K, 6 young (6144K), 5 survivors (5120K)
 Metaspace       used 44139K, committed 44672K, reserved 1114112K
  class space    used 6030K, committed 6272K, reserved 1048576K
}
Event: 6.159 GC heap after
{Heap after GC invocations=14 (full 0):
 garbage-first heap   total 80896K, used 24023K [0x0000000081800000, 0x0000000100000000)
  region size 1024K, 1 young (1024K), 1 survivors (1024K)
 Metaspace       used 44139K, committed 44672K, reserved 1114112K
  class space    used 6030K, committed 6272K, reserved 1048576K
}
Event: 7.094 GC heap before
{Heap before GC invocations=14 (full 0):
 garbage-first heap   total 80896K, used 61911K [0x0000000081800000, 0x0000000100000000)
  region size 1024K, 39 young (39936K), 1 survivors (1024K)
 Metaspace       used 54241K, committed 54848K, reserved 1114112K
  class space    used 7584K, committed 7872K, reserved 1048576K
}
Event: 7.098 GC heap after
{Heap after GC invocations=15 (full 0):
 garbage-first heap   total 80896K, used 25007K [0x0000000081800000, 0x0000000100000000)
  region size 1024K, 2 young (2048K), 2 survivors (2048K)
 Metaspace       used 54241K, committed 54848K, reserved 1114112K
  class space    used 7584K, committed 7872K, reserved 1048576K
}
Event: 7.874 GC heap before
{Heap before GC invocations=15 (full 0):
 garbage-first heap   total 80896K, used 63919K [0x0000000081800000, 0x0000000100000000)
  region size 1024K, 40 young (40960K), 2 survivors (2048K)
 Metaspace       used 58950K, committed 59648K, reserved 1114112K
  class space    used 8280K, committed 8640K, reserved 1048576K
}
Event: 7.882 GC heap after
{Heap after GC invocations=16 (full 0):
 garbage-first heap   total 80896K, used 28416K [0x0000000081800000, 0x0000000100000000)
  region size 1024K, 5 young (5120K), 5 survivors (5120K)
 Metaspace       used 58950K, committed 59648K, reserved 1114112K
  class space    used 8280K, committed 8640K, reserved 1048576K
}
Event: 8.064 GC heap before
{Heap before GC invocations=16 (full 0):
 garbage-first heap   total 80896K, used 36608K [0x0000000081800000, 0x0000000100000000)
  region size 1024K, 14 young (14336K), 5 survivors (5120K)
 Metaspace       used 59889K, committed 60608K, reserved 1114112K
  class space    used 8447K, committed 8832K, reserved 1048576K
}
Event: 8.072 GC heap after
{Heap after GC invocations=17 (full 0):
 garbage-first heap   total 80896K, used 29661K [0x0000000081800000, 0x0000000100000000)
  region size 1024K, 2 young (2048K), 2 survivors (2048K)
 Metaspace       used 59889K, committed 60608K, reserved 1114112K
  class space    used 8447K, committed 8832K, reserved 1048576K
}
Event: 8.806 GC heap before
{Heap before GC invocations=18 (full 0):
 garbage-first heap   total 80896K, used 63453K [0x0000000081800000, 0x0000000100000000)
  region size 1024K, 35 young (35840K), 2 survivors (2048K)
 Metaspace       used 64058K, committed 64832K, reserved 1114112K
  class space    used 9098K, committed 9472K, reserved 1048576K
}
Event: 8.814 GC heap after
{Heap after GC invocations=19 (full 0):
 garbage-first heap   total 80896K, used 32673K [0x0000000081800000, 0x0000000100000000)
  region size 1024K, 5 young (5120K), 5 survivors (5120K)
 Metaspace       used 64058K, committed 64832K, reserved 1114112K
  class space    used 9098K, committed 9472K, reserved 1048576K
}
Event: 8.831 GC heap before
{Heap before GC invocations=19 (full 0):
 garbage-first heap   total 80896K, used 33697K [0x0000000081800000, 0x0000000100000000)
  region size 1024K, 6 young (6144K), 5 survivors (5120K)
 Metaspace       used 64081K, committed 64896K, reserved 1114112K
  class space    used 9103K, committed 9472K, reserved 1048576K
}

