# JRE version: Java(TM) SE Runtime Environment (19.0.1+10) (build 19.0.1+10-21)
# Java VM: Java HotSpot(TM) 64-Bit Server VM (19.0.1+10-21, mixed mode, emulated-client, sharing, tiered, compressed oops, compressed class ptrs, g1 gc, windows-amd64)
GC Precious Log:
 CardTable entry size: 512
 Card Set container configuration: InlinePtr #cards 5 size 8 Array Of Cards #cards 12 size 40 Howl #buckets 4 coarsen threshold 1843 Howl Bitmap #cards 512 size 80 coarsen threshold 460 Card regions per heap region 1 cards per card region 2048
 CPUs: 4 total, 4 available
 Memory: 8095M
 Large Page Support: Disabled
 NUMA Support: Disabled
 Compressed Oops: Enabled (32-bit)
 Heap Region Size: 1M
 Heap Min Capacity: 8M
 Heap Initial Capacity: 128M
 Heap Max Capacity: 2024M
 Pre-touch: Disabled
 Parallel Workers: 4
 Concurrent Workers: 1
 Concurrent Refinement Workers: 4
 Periodic GC: Disabled
Heap:
 garbage-first heap   total 55296K, used 23573K [0x0000000081800000, 0x0000000100000000)
  region size 1024K, 2 young (2048K), 2 survivors (2048K)
 Metaspace       used 44518K, committed 45056K, reserved 1114112K
  class space    used 6094K, committed 6336K, reserved 1048576K
GC Heap History (20 events):
Event: 2.766 GC heap after
{Heap after GC invocations=3 (full 0):
 garbage-first heap   total 131072K, used 11129K [0x0000000081800000, 0x0000000100000000)
  region size 1024K, 4 young (4096K), 4 survivors (4096K)
 Metaspace       used 13912K, committed 14272K, reserved 1114112K
  class space    used 1817K, committed 1984K, reserved 1048576K
}
Event: 3.315 GC heap before
{Heap before GC invocations=3 (full 0):
 garbage-first heap   total 131072K, used 41849K [0x0000000081800000, 0x0000000100000000)
  region size 1024K, 36 young (36864K), 4 survivors (4096K)
 Metaspace       used 21172K, committed 21504K, reserved 1114112K
  class space    used 2709K, committed 2880K, reserved 1048576K
}
Event: 3.323 GC heap after
{Heap after GC invocations=4 (full 0):
 garbage-first heap   total 131072K, used 13548K [0x0000000081800000, 0x0000000100000000)
  region size 1024K, 6 young (6144K), 6 survivors (6144K)
 Metaspace       used 21172K, committed 21504K, reserved 1114112K
  class space    used 2709K, committed 2880K, reserved 1048576K
}
Event: 4.030 GC heap before
{Heap before GC invocations=5 (full 0):
 garbage-first heap   total 55296K, used 40172K [0x0000000081800000, 0x0000000100000000)
  region size 1024K, 32 young (32768K), 6 survivors (6144K)
 Metaspace       used 23175K, committed 23552K, reserved 1114112K
  class space    used 3036K, committed 3200K, reserved 1048576K
}
Event: 4.040 GC heap after
{Heap after GC invocations=6 (full 0):
 garbage-first heap   total 55296K, used 15474K [0x0000000081800000, 0x0000000100000000)
  region size 1024K, 3 young (3072K), 3 survivors (3072K)
 Metaspace       used 23175K, committed 23552K, reserved 1114112K
  class space    used 3036K, committed 3200K, reserved 1048576K
}
Event: 4.061 GC heap before
{Heap before GC invocations=6 (full 0):
 garbage-first heap   total 55296K, used 16498K [0x0000000081800000, 0x0000000100000000)
  region size 1024K, 4 young (4096K), 3 survivors (3072K)
 Metaspace       used 23303K, committed 23680K, reserved 1114112K
  class space    used 3054K, committed 3200K, reserved 1048576K
}
Event: 4.064 GC heap after
{Heap after GC invocations=7 (full 0):
 garbage-first heap   total 55296K, used 15574K [0x0000000081800000, 0x0000000100000000)
  region size 1024K, 1 young (1024K), 1 survivors (1024K)
 Metaspace       used 23303K, committed 23680K, reserved 1114112K
  class space    used 3054K, committed 3200K, reserved 1048576K
}
Event: 4.736 GC heap before
{Heap before GC invocations=7 (full 0):
 garbage-first heap   total 55296K, used 36054K [0x0000000081800000, 0x0000000100000000)
  region size 1024K, 22 young (22528K), 1 survivors (1024K)
 Metaspace       used 26695K, committed 27008K, reserved 1114112K
  class space    used 3636K, committed 3776K, reserved 1048576K
}
Event: 4.739 GC heap after
{Heap after GC invocations=8 (full 0):
 garbage-first heap   total 55296K, used 16502K [0x0000000081800000, 0x0000000100000000)
  region size 1024K, 2 young (2048K), 2 survivors (2048K)
 Metaspace       used 26695K, committed 27008K, reserved 1114112K
  class space    used 3636K, committed 3776K, reserved 1048576K
}
Event: 5.935 GC heap before
{Heap before GC invocations=8 (full 0):
 garbage-first heap   total 55296K, used 39030K [0x0000000081800000, 0x0000000100000000)
  region size 1024K, 24 young (24576K), 2 survivors (2048K)
 Metaspace       used 30825K, committed 31360K, reserved 1114112K
  class space    used 4233K, committed 4480K, reserved 1048576K
}
Event: 5.940 GC heap after
{Heap after GC invocations=9 (full 0):
 garbage-first heap   total 55296K, used 18557K [0x0000000081800000, 0x0000000100000000)
  region size 1024K, 3 young (3072K), 3 survivors (3072K)
 Metaspace       used 30825K, committed 31360K, reserved 1114112K
  class space    used 4233K, committed 4480K, reserved 1048576K
}
Event: 6.853 GC heap before
{Heap before GC invocations=9 (full 0):
 garbage-first heap   total 55296K, used 40061K [0x0000000081800000, 0x0000000100000000)
  region size 1024K, 24 young (24576K), 3 survivors (3072K)
 Metaspace       used 34197K, committed 34752K, reserved 1114112K
  class space    used 4661K, committed 4928K, reserved 1048576K
}
Event: 6.861 GC heap after
{Heap after GC invocations=10 (full 0):
 garbage-first heap   total 55296K, used 21006K [0x0000000081800000, 0x0000000100000000)
  region size 1024K, 3 young (3072K), 3 survivors (3072K)
 Metaspace       used 34197K, committed 34752K, reserved 1114112K
  class space    used 4661K, committed 4928K, reserved 1048576K
}
Event: 7.155 GC heap before
{Heap before GC invocations=10 (full 0):
 garbage-first heap   total 55296K, used 29198K [0x0000000081800000, 0x0000000100000000)
  region size 1024K, 12 young (12288K), 3 survivors (3072K)
 Metaspace       used 35687K, committed 36160K, reserved 1114112K
  class space    used 4847K, committed 5056K, reserved 1048576K
}
Event: 7.160 GC heap after
{Heap after GC invocations=11 (full 0):
 garbage-first heap   total 55296K, used 21655K [0x0000000081800000, 0x0000000100000000)
  region size 1024K, 1 young (1024K), 1 survivors (1024K)
 Metaspace       used 35687K, committed 36160K, reserved 1114112K
  class space    used 4847K, committed 5056K, reserved 1048576K
}
Event: 8.065 GC heap before
{Heap before GC invocations=12 (full 0):
 garbage-first heap   total 55296K, used 41111K [0x0000000081800000, 0x0000000100000000)
  region size 1024K, 21 young (21504K), 1 survivors (1024K)
 Metaspace       used 39930K, committed 40448K, reserved 1114112K
  class space    used 5388K, committed 5632K, reserved 1048576K
}
Event: 8.074 GC heap after
{Heap after GC invocations=13 (full 0):
 garbage-first heap   total 55296K, used 22833K [0x0000000081800000, 0x0000000100000000)
  region size 1024K, 2 young (2048K), 2 survivors (2048K)
 Metaspace       used 39930K, committed 40448K, reserved 1114112K
  class space    used 5388K, committed 5632K, reserved 1048576K
}
Event: 8.161 GC heap before
{Heap before GC invocations=13 (full 0):
 garbage-first heap   total 55296K, used 23857K [0x0000000081800000, 0x0000000100000000)
  region size 1024K, 3 young (3072K), 2 survivors (2048K)
 Metaspace       used 40130K, committed 40704K, reserved 1114112K
  class space    used 5428K, committed 5696K, reserved 1048576K
}
Event: 8.165 GC heap after
{Heap after GC invocations=14 (full 0):
 garbage-first heap   total 55296K, used 22540K [0x0000000081800000, 0x0000000100000000)
  region size 1024K, 1 young (1024K), 1 survivors (1024K)
 Metaspace       used 40130K, committed 40704K, reserved 1114112K
  class space    used 5428K, committed 5696K, reserved 1048576K
}
Event: 8.925 GC heap before
{Heap before GC invocations=14 (full 0):
 garbage-first heap   total 55296K, used 40972K [0x0000000081800000, 0x0000000100000000)
  region size 1024K, 20 young (20480K), 1 survivors (1024K)
 Metaspace       used 44518K, committed 45056K, reserved 1114112K
  class space    used 6094K, committed 6336K, reserved 1048576K
}

