# JRE version: Java(TM) SE Runtime Environment (19.0.1+10) (build 19.0.1+10-21)
# Java VM: Java HotSpot(TM) 64-Bit Server VM (19.0.1+10-21, mixed mode, emulated-client, sharing, tiered, compressed oops, compressed class ptrs, g1 gc, windows-amd64)
GC Precious Log:
 CardTable entry size: 512
 Card Set container configuration: InlinePtr #cards 5 size 8 Array Of Cards #cards 12 size 40 Howl #buckets 4 coarsen threshold 1843 Howl Bitmap #cards 512 size 80 coarsen threshold 460 Card regions per heap region 1 cards per card region 2048
 CPUs: 4 total, 4 available
 Memory: 8095M
 Large Page Support: Disabled
 NUMA Support: Disabled
 Compressed Oops: Enabled (32-bit)
 Heap Region Size: 1M
 Heap Min Capacity: 8M
 Heap Initial Capacity: 128M
 Heap Max Capacity: 2024M
 Pre-touch: Disabled
 Parallel Workers: 4
 Concurrent Workers: 1
 Concurrent Refinement Workers: 4
 Periodic GC: Disabled
Heap:
 garbage-first heap   total 78848K, used 41630K [0x0000000081800000, 0x0000000100000000)
  region size 1024K, 19 young (19456K), 5 survivors (5120K)
 Metaspace       used 59813K, committed 60480K, reserved 1114112K
  class space    used 8429K, committed 8768K, reserved 1048576K
GC Heap History (20 events):
Event: 3.028 GC heap before
{Heap before GC invocations=5 (full 0):
 garbage-first heap   total 55296K, used 39037K [0x0000000081800000, 0x0000000100000000)
  region size 1024K, 32 young (32768K), 7 survivors (7168K)
 Metaspace       used 22952K, committed 23360K, reserved 1114112K
  class space    used 3005K, committed 3200K, reserved 1048576K
}
Event: 3.038 GC heap after
{Heap after GC invocations=6 (full 0):
 garbage-first heap   total 55296K, used 15146K [0x0000000081800000, 0x0000000100000000)
  region size 1024K, 3 young (3072K), 3 survivors (3072K)
 Metaspace       used 22952K, committed 23360K, reserved 1114112K
  class space    used 3005K, committed 3200K, reserved 1048576K
}
Event: 3.055 GC heap before
{Heap before GC invocations=6 (full 0):
 garbage-first heap   total 55296K, used 16170K [0x0000000081800000, 0x0000000100000000)
  region size 1024K, 4 young (4096K), 3 survivors (3072K)
 Metaspace       used 23163K, committed 23552K, reserved 1114112K
  class space    used 3029K, committed 3200K, reserved 1048576K
}
Event: 3.060 GC heap after
{Heap after GC invocations=7 (full 0):
 garbage-first heap   total 55296K, used 15498K [0x0000000081800000, 0x0000000100000000)
  region size 1024K, 1 young (1024K), 1 survivors (1024K)
 Metaspace       used 23163K, committed 23552K, reserved 1114112K
  class space    used 3029K, committed 3200K, reserved 1048576K
}
Event: 3.562 GC heap before
{Heap before GC invocations=7 (full 0):
 garbage-first heap   total 55296K, used 37002K [0x0000000081800000, 0x0000000100000000)
  region size 1024K, 23 young (23552K), 1 survivors (1024K)
 Metaspace       used 26693K, committed 27008K, reserved 1114112K
  class space    used 3632K, committed 3776K, reserved 1048576K
}
Event: 3.565 GC heap after
{Heap after GC invocations=8 (full 0):
 garbage-first heap   total 55296K, used 16473K [0x0000000081800000, 0x0000000100000000)
  region size 1024K, 2 young (2048K), 2 survivors (2048K)
 Metaspace       used 26693K, committed 27008K, reserved 1114112K
  class space    used 3632K, committed 3776K, reserved 1048576K
}
Event: 4.080 GC heap before
{Heap before GC invocations=8 (full 0):
 garbage-first heap   total 55296K, used 39001K [0x0000000081800000, 0x0000000100000000)
  region size 1024K, 24 young (24576K), 2 survivors (2048K)
 Metaspace       used 30852K, committed 31360K, reserved 1114112K
  class space    used 4234K, committed 4480K, reserved 1048576K
}
Event: 4.085 GC heap after
{Heap after GC invocations=9 (full 0):
 garbage-first heap   total 55296K, used 18469K [0x0000000081800000, 0x0000000100000000)
  region size 1024K, 3 young (3072K), 3 survivors (3072K)
 Metaspace       used 30852K, committed 31360K, reserved 1114112K
  class space    used 4234K, committed 4480K, reserved 1048576K
}
Event: 4.507 GC heap before
{Heap before GC invocations=9 (full 0):
 garbage-first heap   total 55296K, used 39973K [0x0000000081800000, 0x0000000100000000)
  region size 1024K, 24 young (24576K), 3 survivors (3072K)
 Metaspace       used 34198K, committed 34752K, reserved 1114112K
  class space    used 4655K, committed 4928K, reserved 1048576K
}
Event: 4.515 GC heap after
{Heap after GC invocations=10 (full 0):
 garbage-first heap   total 97280K, used 20945K [0x0000000081800000, 0x0000000100000000)
  region size 1024K, 3 young (3072K), 3 survivors (3072K)
 Metaspace       used 34198K, committed 34752K, reserved 1114112K
  class space    used 4655K, committed 4928K, reserved 1048576K
}
Event: 4.710 GC heap before
{Heap before GC invocations=10 (full 0):
 garbage-first heap   total 97280K, used 28113K [0x0000000081800000, 0x0000000100000000)
  region size 1024K, 11 young (11264K), 3 survivors (3072K)
 Metaspace       used 35680K, committed 36160K, reserved 1114112K
  class space    used 4841K, committed 5056K, reserved 1048576K
}
Event: 4.714 GC heap after
{Heap after GC invocations=11 (full 0):
 garbage-first heap   total 97280K, used 21405K [0x0000000081800000, 0x0000000100000000)
  region size 1024K, 3 young (3072K), 3 survivors (3072K)
 Metaspace       used 35680K, committed 36160K, reserved 1114112K
  class space    used 4841K, committed 5056K, reserved 1048576K
}
Event: 5.979 GC heap before
{Heap before GC invocations=12 (full 0):
 garbage-first heap   total 78848K, used 65437K [0x0000000081800000, 0x0000000100000000)
  region size 1024K, 46 young (47104K), 3 survivors (3072K)
 Metaspace       used 44965K, committed 45504K, reserved 1114112K
  class space    used 6148K, committed 6400K, reserved 1048576K
}
Event: 5.987 GC heap after
{Heap after GC invocations=13 (full 0):
 garbage-first heap   total 78848K, used 23876K [0x0000000081800000, 0x0000000100000000)
  region size 1024K, 6 young (6144K), 6 survivors (6144K)
 Metaspace       used 44965K, committed 45504K, reserved 1114112K
  class space    used 6148K, committed 6400K, reserved 1048576K
}
Event: 6.050 GC heap before
{Heap before GC invocations=13 (full 0):
 garbage-first heap   total 78848K, used 24900K [0x0000000081800000, 0x0000000100000000)
  region size 1024K, 7 young (7168K), 6 survivors (6144K)
 Metaspace       used 45132K, committed 45760K, reserved 1114112K
  class space    used 6170K, committed 6464K, reserved 1048576K
}
Event: 6.056 GC heap after
{Heap after GC invocations=14 (full 0):
 garbage-first heap   total 78848K, used 24491K [0x0000000081800000, 0x0000000100000000)
  region size 1024K, 1 young (1024K), 1 survivors (1024K)
 Metaspace       used 45132K, committed 45760K, reserved 1114112K
  class space    used 6170K, committed 6464K, reserved 1048576K
}
Event: 7.325 GC heap before
{Heap before GC invocations=14 (full 0):
 garbage-first heap   total 78848K, used 59307K [0x0000000081800000, 0x0000000100000000)
  region size 1024K, 36 young (36864K), 1 survivors (1024K)
 Metaspace       used 54575K, committed 55232K, reserved 1114112K
  class space    used 7636K, committed 7936K, reserved 1048576K
}
Event: 7.329 GC heap after
{Heap after GC invocations=15 (full 0):
 garbage-first heap   total 78848K, used 25141K [0x0000000081800000, 0x0000000100000000)
  region size 1024K, 2 young (2048K), 2 survivors (2048K)
 Metaspace       used 54575K, committed 55232K, reserved 1114112K
  class space    used 7636K, committed 7936K, reserved 1048576K
}
Event: 9.364 GC heap before
{Heap before GC invocations=15 (full 0):
 garbage-first heap   total 78848K, used 60981K [0x0000000081800000, 0x0000000100000000)
  region size 1024K, 37 young (37888K), 2 survivors (2048K)
 Metaspace       used 58513K, committed 59200K, reserved 1114112K
  class space    used 8184K, committed 8512K, reserved 1048576K
}
Event: 9.371 GC heap after
{Heap after GC invocations=16 (full 0):
 garbage-first heap   total 78848K, used 28318K [0x0000000081800000, 0x0000000100000000)
  region size 1024K, 5 young (5120K), 5 survivors (5120K)
 Metaspace       used 58513K, committed 59200K, reserved 1114112K
  class space    used 8184K, committed 8512K, reserved 1048576K
}

