# JRE version: Java(TM) SE Runtime Environment (19.0.1+10) (build 19.0.1+10-21)
# Java VM: Java HotSpot(TM) 64-Bit Server VM (19.0.1+10-21, mixed mode, emulated-client, sharing, tiered, compressed oops, compressed class ptrs, g1 gc, windows-amd64)
GC Precious Log:
 CardTable entry size: 512
 Card Set container configuration: InlinePtr #cards 5 size 8 Array Of Cards #cards 12 size 40 Howl #buckets 4 coarsen threshold 1843 Howl Bitmap #cards 512 size 80 coarsen threshold 460 Card regions per heap region 1 cards per card region 2048
 CPUs: 4 total, 4 available
 Memory: 8095M
 Large Page Support: Disabled
 NUMA Support: Disabled
 Compressed Oops: Enabled (32-bit)
 Heap Region Size: 1M
 Heap Min Capacity: 8M
 Heap Initial Capacity: 128M
 Heap Max Capacity: 2024M
 Pre-touch: Disabled
 Parallel Workers: 4
 Concurrent Workers: 1
 Concurrent Refinement Workers: 4
 Periodic GC: Disabled
Heap:
 garbage-first heap   total 78848K, used 26683K [0x0000000081800000, 0x0000000100000000)
  region size 1024K, 4 young (4096K), 1 survivors (1024K)
 Metaspace       used 45443K, committed 46016K, reserved 1114112K
  class space    used 6223K, committed 6528K, reserved 1048576K
GC Heap History (20 events):
Event: 2.070 GC heap before
{Heap before GC invocations=2 (full 0):
 garbage-first heap   total 131072K, used 36569K [0x0000000081800000, 0x0000000100000000)
  region size 1024K, 30 young (30720K), 2 survivors (2048K)
 Metaspace       used 13458K, committed 13824K, reserved 1114112K
  class space    used 1757K, committed 1920K, reserved 1048576K
}
Event: 2.077 GC heap after
{Heap after GC invocations=3 (full 0):
 garbage-first heap   total 131072K, used 10852K [0x0000000081800000, 0x0000000100000000)
  region size 1024K, 4 young (4096K), 4 survivors (4096K)
 Metaspace       used 13458K, committed 13824K, reserved 1114112K
  class space    used 1757K, committed 1920K, reserved 1048576K
}
Event: 2.640 GC heap before
{Heap before GC invocations=3 (full 0):
 garbage-first heap   total 131072K, used 43620K [0x0000000081800000, 0x0000000100000000)
  region size 1024K, 38 young (38912K), 4 survivors (4096K)
 Metaspace       used 21167K, committed 21504K, reserved 1114112K
  class space    used 2706K, committed 2880K, reserved 1048576K
}
Event: 2.649 GC heap after
{Heap after GC invocations=4 (full 0):
 garbage-first heap   total 131072K, used 13249K [0x0000000081800000, 0x0000000100000000)
  region size 1024K, 7 young (7168K), 7 survivors (7168K)
 Metaspace       used 21167K, committed 21504K, reserved 1114112K
  class space    used 2706K, committed 2880K, reserved 1048576K
}
Event: 3.271 GC heap before
{Heap before GC invocations=5 (full 0):
 garbage-first heap   total 55296K, used 38849K [0x0000000081800000, 0x0000000100000000)
  region size 1024K, 32 young (32768K), 7 survivors (7168K)
 Metaspace       used 22951K, committed 23360K, reserved 1114112K
  class space    used 3003K, committed 3200K, reserved 1048576K
}
Event: 3.281 GC heap after
{Heap after GC invocations=6 (full 0):
 garbage-first heap   total 55296K, used 15051K [0x0000000081800000, 0x0000000100000000)
  region size 1024K, 3 young (3072K), 3 survivors (3072K)
 Metaspace       used 22951K, committed 23360K, reserved 1114112K
  class space    used 3003K, committed 3200K, reserved 1048576K
}
Event: 3.303 GC heap before
{Heap before GC invocations=6 (full 0):
 garbage-first heap   total 55296K, used 16075K [0x0000000081800000, 0x0000000100000000)
  region size 1024K, 4 young (4096K), 3 survivors (3072K)
 Metaspace       used 23108K, committed 23488K, reserved 1114112K
  class space    used 3029K, committed 3200K, reserved 1048576K
}
Event: 3.307 GC heap after
{Heap after GC invocations=7 (full 0):
 garbage-first heap   total 55296K, used 15569K [0x0000000081800000, 0x0000000100000000)
  region size 1024K, 1 young (1024K), 1 survivors (1024K)
 Metaspace       used 23108K, committed 23488K, reserved 1114112K
  class space    used 3029K, committed 3200K, reserved 1048576K
}
Event: 3.870 GC heap before
{Heap before GC invocations=7 (full 0):
 garbage-first heap   total 55296K, used 37073K [0x0000000081800000, 0x0000000100000000)
  region size 1024K, 23 young (23552K), 1 survivors (1024K)
 Metaspace       used 26679K, committed 27008K, reserved 1114112K
  class space    used 3627K, committed 3776K, reserved 1048576K
}
Event: 3.873 GC heap after
{Heap after GC invocations=8 (full 0):
 garbage-first heap   total 55296K, used 16484K [0x0000000081800000, 0x0000000100000000)
  region size 1024K, 2 young (2048K), 2 survivors (2048K)
 Metaspace       used 26679K, committed 27008K, reserved 1114112K
  class space    used 3627K, committed 3776K, reserved 1048576K
}
Event: 4.406 GC heap before
{Heap before GC invocations=8 (full 0):
 garbage-first heap   total 55296K, used 39012K [0x0000000081800000, 0x0000000100000000)
  region size 1024K, 24 young (24576K), 2 survivors (2048K)
 Metaspace       used 30995K, committed 31488K, reserved 1114112K
  class space    used 4239K, committed 4480K, reserved 1048576K
}
Event: 4.411 GC heap after
{Heap after GC invocations=9 (full 0):
 garbage-first heap   total 55296K, used 18541K [0x0000000081800000, 0x0000000100000000)
  region size 1024K, 3 young (3072K), 3 survivors (3072K)
 Metaspace       used 30995K, committed 31488K, reserved 1114112K
  class space    used 4239K, committed 4480K, reserved 1048576K
}
Event: 4.815 GC heap before
{Heap before GC invocations=9 (full 0):
 garbage-first heap   total 55296K, used 40045K [0x0000000081800000, 0x0000000100000000)
  region size 1024K, 24 young (24576K), 3 survivors (3072K)
 Metaspace       used 34109K, committed 34688K, reserved 1114112K
  class space    used 4641K, committed 4928K, reserved 1048576K
}
Event: 4.824 GC heap after
{Heap after GC invocations=10 (full 0):
 garbage-first heap   total 87040K, used 20996K [0x0000000081800000, 0x0000000100000000)
  region size 1024K, 3 young (3072K), 3 survivors (3072K)
 Metaspace       used 34109K, committed 34688K, reserved 1114112K
  class space    used 4641K, committed 4928K, reserved 1048576K
}
Event: 5.016 GC heap before
{Heap before GC invocations=10 (full 0):
 garbage-first heap   total 87040K, used 28164K [0x0000000081800000, 0x0000000100000000)
  region size 1024K, 11 young (11264K), 3 survivors (3072K)
 Metaspace       used 35669K, committed 36160K, reserved 1114112K
  class space    used 4840K, committed 5056K, reserved 1048576K
}
Event: 5.021 GC heap after
{Heap after GC invocations=11 (full 0):
 garbage-first heap   total 87040K, used 21224K [0x0000000081800000, 0x0000000100000000)
  region size 1024K, 3 young (3072K), 3 survivors (3072K)
 Metaspace       used 35669K, committed 36160K, reserved 1114112K
  class space    used 4840K, committed 5056K, reserved 1048576K
}
Event: 6.164 GC heap before
{Heap before GC invocations=12 (full 0):
 garbage-first heap   total 78848K, used 65256K [0x0000000081800000, 0x0000000100000000)
  region size 1024K, 46 young (47104K), 3 survivors (3072K)
 Metaspace       used 44942K, committed 45568K, reserved 1114112K
  class space    used 6153K, committed 6464K, reserved 1048576K
}
Event: 6.171 GC heap after
{Heap after GC invocations=13 (full 0):
 garbage-first heap   total 78848K, used 24171K [0x0000000081800000, 0x0000000100000000)
  region size 1024K, 6 young (6144K), 6 survivors (6144K)
 Metaspace       used 44942K, committed 45568K, reserved 1114112K
  class space    used 6153K, committed 6464K, reserved 1048576K
}
Event: 6.190 GC heap before
{Heap before GC invocations=13 (full 0):
 garbage-first heap   total 78848K, used 25195K [0x0000000081800000, 0x0000000100000000)
  region size 1024K, 7 young (7168K), 6 survivors (6144K)
 Metaspace       used 45123K, committed 45696K, reserved 1114112K
  class space    used 6176K, committed 6464K, reserved 1048576K
}
Event: 6.197 GC heap after
{Heap after GC invocations=14 (full 0):
 garbage-first heap   total 78848K, used 24635K [0x0000000081800000, 0x0000000100000000)
  region size 1024K, 1 young (1024K), 1 survivors (1024K)
 Metaspace       used 45123K, committed 45696K, reserved 1114112K
  class space    used 6176K, committed 6464K, reserved 1048576K
}

