# JRE version: Java(TM) SE Runtime Environment (19.0.1+10) (build 19.0.1+10-21)
# Java VM: Java HotSpot(TM) 64-Bit Server VM (19.0.1+10-21, mixed mode, emulated-client, sharing, tiered, compressed oops, compressed class ptrs, g1 gc, windows-amd64)
GC Precious Log:
 CardTable entry size: 512
 Card Set container configuration: InlinePtr #cards 5 size 8 Array Of Cards #cards 12 size 40 Howl #buckets 4 coarsen threshold 1843 Howl Bitmap #cards 512 size 80 coarsen threshold 460 Card regions per heap region 1 cards per card region 2048
 CPUs: 4 total, 4 available
 Memory: 8095M
 Large Page Support: Disabled
 NUMA Support: Disabled
 Compressed Oops: Enabled (32-bit)
 Heap Region Size: 1M
 Heap Min Capacity: 8M
 Heap Initial Capacity: 128M
 Heap Max Capacity: 2024M
 Pre-touch: Disabled
 Parallel Workers: 4
 Concurrent Workers: 1
 Concurrent Refinement Workers: 4
 Periodic GC: Disabled
Heap:
 garbage-first heap   total 68608K, used 30027K [0x0000000081800000, 0x0000000100000000)
  region size 1024K, 12 young (12288K), 4 survivors (4096K)
 Metaspace       used 43128K, committed 43712K, reserved 1114112K
  class space    used 5899K, committed 6208K, reserved 1048576K
GC Heap History (16 events):
Event: 0.732 GC heap before
{Heap before GC invocations=0 (full 0):
 garbage-first heap   total 131072K, used 13312K [0x0000000081800000, 0x0000000100000000)
  region size 1024K, 13 young (13312K), 0 survivors (0K)
 Metaspace       used 3141K, committed 3328K, reserved 1114112K
  class space    used 356K, committed 448K, reserved 1048576K
}
Event: 0.738 GC heap after
{Heap after GC invocations=1 (full 0):
 garbage-first heap   total 131072K, used 7162K [0x0000000081800000, 0x0000000100000000)
  region size 1024K, 2 young (2048K), 2 survivors (2048K)
 Metaspace       used 3141K, committed 3328K, reserved 1114112K
  class space    used 356K, committed 448K, reserved 1048576K
}
Event: 1.199 GC heap before
{Heap before GC invocations=1 (full 0):
 garbage-first heap   total 131072K, used 18426K [0x0000000081800000, 0x0000000100000000)
  region size 1024K, 13 young (13312K), 2 survivors (2048K)
 Metaspace       used 7806K, committed 8064K, reserved 1114112K
  class space    used 929K, committed 1024K, reserved 1048576K
}
Event: 1.205 GC heap after
{Heap after GC invocations=2 (full 0):
 garbage-first heap   total 131072K, used 8946K [0x0000000081800000, 0x0000000100000000)
  region size 1024K, 2 young (2048K), 2 survivors (2048K)
 Metaspace       used 7806K, committed 8064K, reserved 1114112K
  class space    used 929K, committed 1024K, reserved 1048576K
}
Event: 1.990 GC heap before
{Heap before GC invocations=2 (full 0):
 garbage-first heap   total 131072K, used 37618K [0x0000000081800000, 0x0000000100000000)
  region size 1024K, 31 young (31744K), 2 survivors (2048K)
 Metaspace       used 13695K, committed 14080K, reserved 1114112K
  class space    used 1790K, committed 1984K, reserved 1048576K
}
Event: 1.996 GC heap after
{Heap after GC invocations=3 (full 0):
 garbage-first heap   total 131072K, used 11081K [0x0000000081800000, 0x0000000100000000)
  region size 1024K, 4 young (4096K), 4 survivors (4096K)
 Metaspace       used 13695K, committed 14080K, reserved 1114112K
  class space    used 1790K, committed 1984K, reserved 1048576K
}
Event: 2.498 GC heap before
{Heap before GC invocations=3 (full 0):
 garbage-first heap   total 131072K, used 42825K [0x0000000081800000, 0x0000000100000000)
  region size 1024K, 37 young (37888K), 4 survivors (4096K)
 Metaspace       used 21177K, committed 21504K, reserved 1114112K
  class space    used 2714K, committed 2880K, reserved 1048576K
}
Event: 2.506 GC heap after
{Heap after GC invocations=4 (full 0):
 garbage-first heap   total 131072K, used 13562K [0x0000000081800000, 0x0000000100000000)
  region size 1024K, 7 young (7168K), 7 survivors (7168K)
 Metaspace       used 21177K, committed 21504K, reserved 1114112K
  class space    used 2714K, committed 2880K, reserved 1048576K
}
Event: 3.469 GC heap before
{Heap before GC invocations=5 (full 0):
 garbage-first heap   total 58368K, used 56570K [0x0000000081800000, 0x0000000100000000)
  region size 1024K, 50 young (51200K), 7 survivors (7168K)
 Metaspace       used 26090K, committed 26496K, reserved 1114112K
  class space    used 3530K, committed 3712K, reserved 1048576K
}
Event: 3.481 GC heap after
{Heap after GC invocations=6 (full 0):
 garbage-first heap   total 68608K, used 16298K [0x0000000081800000, 0x0000000100000000)
  region size 1024K, 8 young (8192K), 8 survivors (8192K)
 Metaspace       used 26090K, committed 26496K, reserved 1114112K
  class space    used 3530K, committed 3712K, reserved 1048576K
}
Event: 4.188 GC heap before
{Heap before GC invocations=6 (full 0):
 garbage-first heap   total 68608K, used 48042K [0x0000000081800000, 0x0000000100000000)
  region size 1024K, 39 young (39936K), 8 survivors (8192K)
 Metaspace       used 31713K, committed 32192K, reserved 1114112K
  class space    used 4348K, committed 4544K, reserved 1048576K
}
Event: 4.200 GC heap after
{Heap after GC invocations=7 (full 0):
 garbage-first heap   total 68608K, used 19370K [0x0000000081800000, 0x0000000100000000)
  region size 1024K, 4 young (4096K), 4 survivors (4096K)
 Metaspace       used 31713K, committed 32192K, reserved 1114112K
  class space    used 4348K, committed 4544K, reserved 1048576K
}
Event: 4.676 GC heap before
{Heap before GC invocations=7 (full 0):
 garbage-first heap   total 68608K, used 42922K [0x0000000081800000, 0x0000000100000000)
  region size 1024K, 28 young (28672K), 4 survivors (4096K)
 Metaspace       used 35664K, committed 36160K, reserved 1114112K
  class space    used 4843K, committed 5056K, reserved 1048576K
}
Event: 4.689 GC heap after
{Heap after GC invocations=8 (full 0):
 garbage-first heap   total 68608K, used 21126K [0x0000000081800000, 0x0000000100000000)
  region size 1024K, 3 young (3072K), 3 survivors (3072K)
 Metaspace       used 35664K, committed 36160K, reserved 1114112K
  class space    used 4843K, committed 5056K, reserved 1048576K
}
Event: 5.459 GC heap before
{Heap before GC invocations=9 (full 0):
 garbage-first heap   total 68608K, used 48774K [0x0000000081800000, 0x0000000100000000)
  region size 1024K, 31 young (31744K), 3 survivors (3072K)
 Metaspace       used 41665K, committed 42240K, reserved 1114112K
  class space    used 5670K, committed 5888K, reserved 1048576K
}
Event: 5.465 GC heap after
{Heap after GC invocations=10 (full 0):
 garbage-first heap   total 68608K, used 22859K [0x0000000081800000, 0x0000000100000000)
  region size 1024K, 4 young (4096K), 4 survivors (4096K)
 Metaspace       used 41665K, committed 42240K, reserved 1114112K
  class space    used 5670K, committed 5888K, reserved 1048576K
}

