# JRE version: OpenJDK Runtime Environment JBR-17.0.4.1+7-469.62-jcef (17.0.4.1+7) (build 17.0.4.1+7-b469.62)
# Java VM: OpenJDK 64-Bit Server VM JBR-17.0.4.1+7-469.62-jcef (17.0.4.1+7-b469.62, mixed mode, tiered, compressed oops, compressed class ptrs, g1 gc, windows-amd64)
GC Precious Log:
 CPUs: 4 total, 4 available
 Memory: 8095M
 Large Page Support: Disabled
 NUMA Support: Disabled
 Compressed Oops: Enabled (32-bit)
 Heap Region Size: 1M
 Heap Min Capacity: 128M
 Heap Initial Capacity: 128M
 Heap Max Capacity: 750M
 Pre-touch: Disabled
 Parallel Workers: 4
 Concurrent Workers: 1
 Concurrent Refinement Workers: 4
 Periodic GC: Disabled
Heap:
 garbage-first heap   total 131072K, used 48296K [0x00000000d1200000, 0x0000000100000000)
  region size 1024K, 44 young (45056K), 3 survivors (3072K)
 Metaspace       used 20992K, committed 21248K, reserved 1073152K
  class space    used 2056K, committed 2176K, reserved 1048576K
GC Heap History (8 events):
Event: 0.921 GC heap before
{Heap before GC invocations=0 (full 0):
 garbage-first heap   total 131072K, used 12288K [0x00000000d1200000, 0x0000000100000000)
  region size 1024K, 13 young (13312K), 0 survivors (0K)
 Metaspace       used 15403K, committed 15680K, reserved 1064960K
  class space    used 1583K, committed 1728K, reserved 1048576K
}
Event: 0.927 GC heap after
{Heap after GC invocations=1 (full 0):
 garbage-first heap   total 131072K, used 4369K [0x00000000d1200000, 0x0000000100000000)
  region size 1024K, 2 young (2048K), 2 survivors (2048K)
 Metaspace       used 15403K, committed 15680K, reserved 1064960K
  class space    used 1583K, committed 1728K, reserved 1048576K
}
Event: 1.463 GC heap before
{Heap before GC invocations=1 (full 0):
 garbage-first heap   total 131072K, used 12561K [0x00000000d1200000, 0x0000000100000000)
  region size 1024K, 11 young (11264K), 2 survivors (2048K)
 Metaspace       used 18641K, committed 18816K, reserved 1073152K
  class space    used 1896K, committed 1984K, reserved 1048576K
}
Event: 1.468 GC heap after
{Heap after GC invocations=2 (full 0):
 garbage-first heap   total 131072K, used 5753K [0x00000000d1200000, 0x0000000100000000)
  region size 1024K, 2 young (2048K), 2 survivors (2048K)
 Metaspace       used 18641K, committed 18816K, reserved 1073152K
  class space    used 1896K, committed 1984K, reserved 1048576K
}
Event: 4.011 GC heap before
{Heap before GC invocations=2 (full 0):
 garbage-first heap   total 131072K, used 32377K [0x00000000d1200000, 0x0000000100000000)
  region size 1024K, 28 young (28672K), 2 survivors (2048K)
 Metaspace       used 20156K, committed 20416K, reserved 1073152K
  class space    used 2019K, committed 2112K, reserved 1048576K
}
Event: 4.018 GC heap after
{Heap after GC invocations=3 (full 0):
 garbage-first heap   total 131072K, used 6851K [0x00000000d1200000, 0x0000000100000000)
  region size 1024K, 3 young (3072K), 3 survivors (3072K)
 Metaspace       used 20156K, committed 20416K, reserved 1073152K
  class space    used 2019K, committed 2112K, reserved 1048576K
}
Event: 1613.400 GC heap before
{Heap before GC invocations=3 (full 0):
 garbage-first heap   total 131072K, used 81603K [0x00000000d1200000, 0x0000000100000000)
  region size 1024K, 76 young (77824K), 3 survivors (3072K)
 Metaspace       used 20811K, committed 21056K, reserved 1073152K
  class space    used 2050K, committed 2176K, reserved 1048576K
}
Event: 1613.406 GC heap after
{Heap after GC invocations=4 (full 0):
 garbage-first heap   total 131072K, used 7336K [0x00000000d1200000, 0x0000000100000000)
  region size 1024K, 3 young (3072K), 3 survivors (3072K)
 Metaspace       used 20811K, committed 21056K, reserved 1073152K
  class space    used 2050K, committed 2176K, reserved 1048576K
}

