# JRE version: Java(TM) SE Runtime Environment (19.0.1+10) (build 19.0.1+10-21)
# Java VM: Java HotSpot(TM) 64-Bit Server VM (19.0.1+10-21, mixed mode, emulated-client, sharing, tiered, compressed oops, compressed class ptrs, g1 gc, windows-amd64)
GC Precious Log:
 CardTable entry size: 512
 Card Set container configuration: InlinePtr #cards 5 size 8 Array Of Cards #cards 12 size 40 Howl #buckets 4 coarsen threshold 1843 Howl Bitmap #cards 512 size 80 coarsen threshold 460 Card regions per heap region 1 cards per card region 2048
 CPUs: 4 total, 4 available
 Memory: 8095M
 Large Page Support: Disabled
 NUMA Support: Disabled
 Compressed Oops: Enabled (32-bit)
 Heap Region Size: 1M
 Heap Min Capacity: 8M
 Heap Initial Capacity: 128M
 Heap Max Capacity: 2024M
 Pre-touch: Disabled
 Parallel Workers: 4
 Concurrent Workers: 1
 Concurrent Refinement Workers: 4
 Periodic GC: Disabled
Heap:
 garbage-first heap   total 80896K, used 38911K [0x0000000081800000, 0x0000000100000000)
  region size 1024K, 3 young (3072K), 3 survivors (3072K)
 Metaspace       used 54488K, committed 55168K, reserved 1114112K
  class space    used 7393K, committed 7744K, reserved 1048576K
GC Heap History (20 events):
Event: 3.826 GC heap after
{Heap after GC invocations=7 (full 0):
 garbage-first heap   total 55296K, used 16393K [0x0000000081800000, 0x0000000100000000)
  region size 1024K, 1 young (1024K), 1 survivors (1024K)
 Metaspace       used 24623K, committed 25024K, reserved 1114112K
  class space    used 3223K, committed 3392K, reserved 1048576K
}
Event: 4.339 GC heap before
{Heap before GC invocations=7 (full 0):
 garbage-first heap   total 55296K, used 36873K [0x0000000081800000, 0x0000000100000000)
  region size 1024K, 22 young (22528K), 1 survivors (1024K)
 Metaspace       used 28746K, committed 29184K, reserved 1114112K
  class space    used 3887K, committed 4096K, reserved 1048576K
}
Event: 4.343 GC heap after
{Heap after GC invocations=8 (full 0):
 garbage-first heap   total 55296K, used 18086K [0x0000000081800000, 0x0000000100000000)
  region size 1024K, 3 young (3072K), 3 survivors (3072K)
 Metaspace       used 28746K, committed 29184K, reserved 1114112K
  class space    used 3887K, committed 4096K, reserved 1048576K
}
Event: 4.716 GC heap before
{Heap before GC invocations=8 (full 0):
 garbage-first heap   total 55296K, used 37542K [0x0000000081800000, 0x0000000100000000)
  region size 1024K, 23 young (23552K), 3 survivors (3072K)
 Metaspace       used 31213K, committed 31744K, reserved 1114112K
  class space    used 4160K, committed 4416K, reserved 1048576K
}
Event: 4.722 GC heap after
{Heap after GC invocations=9 (full 0):
 garbage-first heap   total 55296K, used 19862K [0x0000000081800000, 0x0000000100000000)
  region size 1024K, 2 young (2048K), 2 survivors (2048K)
 Metaspace       used 31213K, committed 31744K, reserved 1114112K
  class space    used 4160K, committed 4416K, reserved 1048576K
}
Event: 5.336 GC heap before
{Heap before GC invocations=9 (full 0):
 garbage-first heap   total 55296K, used 40342K [0x0000000081800000, 0x0000000100000000)
  region size 1024K, 22 young (22528K), 2 survivors (2048K)
 Metaspace       used 34786K, committed 35264K, reserved 1114112K
  class space    used 4569K, committed 4800K, reserved 1048576K
}
Event: 5.342 GC heap after
{Heap after GC invocations=10 (full 0):
 garbage-first heap   total 80896K, used 21553K [0x0000000081800000, 0x0000000100000000)
  region size 1024K, 2 young (2048K), 2 survivors (2048K)
 Metaspace       used 34786K, committed 35264K, reserved 1114112K
  class space    used 4569K, committed 4800K, reserved 1048576K
}
Event: 5.481 GC heap before
{Heap before GC invocations=10 (full 0):
 garbage-first heap   total 80896K, used 26673K [0x0000000081800000, 0x0000000100000000)
  region size 1024K, 8 young (8192K), 2 survivors (2048K)
 Metaspace       used 35612K, committed 36096K, reserved 1114112K
  class space    used 4678K, committed 4928K, reserved 1048576K
}
Event: 5.486 GC heap after
{Heap after GC invocations=11 (full 0):
 garbage-first heap   total 80896K, used 21848K [0x0000000081800000, 0x0000000100000000)
  region size 1024K, 3 young (3072K), 3 survivors (3072K)
 Metaspace       used 35612K, committed 36096K, reserved 1114112K
  class space    used 4678K, committed 4928K, reserved 1048576K
}
Event: 6.638 GC heap before
{Heap before GC invocations=12 (full 0):
 garbage-first heap   total 80896K, used 58712K [0x0000000081800000, 0x0000000100000000)
  region size 1024K, 39 young (39936K), 3 survivors (3072K)
 Metaspace       used 43629K, committed 44096K, reserved 1114112K
  class space    used 5891K, committed 6080K, reserved 1048576K
}
Event: 6.645 GC heap after
{Heap after GC invocations=13 (full 0):
 garbage-first heap   total 80896K, used 24986K [0x0000000081800000, 0x0000000100000000)
  region size 1024K, 5 young (5120K), 5 survivors (5120K)
 Metaspace       used 43629K, committed 44096K, reserved 1114112K
  class space    used 5891K, committed 6080K, reserved 1048576K
}
Event: 6.664 GC heap before
{Heap before GC invocations=13 (full 0):
 garbage-first heap   total 80896K, used 26010K [0x0000000081800000, 0x0000000100000000)
  region size 1024K, 6 young (6144K), 5 survivors (5120K)
 Metaspace       used 43760K, committed 44224K, reserved 1114112K
  class space    used 5912K, committed 6144K, reserved 1048576K
}
Event: 6.671 GC heap after
{Heap after GC invocations=14 (full 0):
 garbage-first heap   total 80896K, used 24254K [0x0000000081800000, 0x0000000100000000)
  region size 1024K, 1 young (1024K), 1 survivors (1024K)
 Metaspace       used 43760K, committed 44224K, reserved 1114112K
  class space    used 5912K, committed 6144K, reserved 1048576K
}
Event: 7.311 GC heap before
{Heap before GC invocations=14 (full 0):
 garbage-first heap   total 80896K, used 60094K [0x0000000081800000, 0x0000000100000000)
  region size 1024K, 37 young (37888K), 1 survivors (1024K)
 Metaspace       used 47562K, committed 48064K, reserved 1114112K
  class space    used 6413K, committed 6656K, reserved 1048576K
}
Event: 7.319 GC heap after
{Heap after GC invocations=15 (full 0):
 garbage-first heap   total 80896K, used 28986K [0x0000000081800000, 0x0000000100000000)
  region size 1024K, 5 young (5120K), 5 survivors (5120K)
 Metaspace       used 47562K, committed 48064K, reserved 1114112K
  class space    used 6413K, committed 6656K, reserved 1048576K
}
Event: 7.856 GC heap before
{Heap before GC invocations=15 (full 0):
 garbage-first heap   total 80896K, used 60730K [0x0000000081800000, 0x0000000100000000)
  region size 1024K, 36 young (36864K), 5 survivors (5120K)
 Metaspace       used 50127K, committed 50688K, reserved 1114112K
  class space    used 6821K, committed 7104K, reserved 1048576K
}
Event: 7.867 GC heap after
{Heap after GC invocations=16 (full 0):
 garbage-first heap   total 80896K, used 32874K [0x0000000081800000, 0x0000000100000000)
  region size 1024K, 4 young (4096K), 4 survivors (4096K)
 Metaspace       used 50127K, committed 50688K, reserved 1114112K
  class space    used 6821K, committed 7104K, reserved 1048576K
}
Event: 8.351 GC heap before
{Heap before GC invocations=16 (full 0):
 garbage-first heap   total 80896K, used 61546K [0x0000000081800000, 0x0000000100000000)
  region size 1024K, 32 young (32768K), 4 survivors (4096K)
 Metaspace       used 51571K, committed 52160K, reserved 1114112K
  class space    used 7024K, committed 7296K, reserved 1048576K
}
Event: 8.362 GC heap after
{Heap after GC invocations=17 (full 0):
 garbage-first heap   total 80896K, used 36290K [0x0000000081800000, 0x0000000100000000)
  region size 1024K, 4 young (4096K), 4 survivors (4096K)
 Metaspace       used 51571K, committed 52160K, reserved 1114112K
  class space    used 7024K, committed 7296K, reserved 1048576K
}
Event: 16.895 GC heap before
{Heap before GC invocations=17 (full 0):
 garbage-first heap   total 80896K, used 62914K [0x0000000081800000, 0x0000000100000000)
  region size 1024K, 30 young (30720K), 4 survivors (4096K)
 Metaspace       used 54488K, committed 55168K, reserved 1114112K
  class space    used 7393K, committed 7744K, reserved 1048576K
}

