# JRE version: Java(TM) SE Runtime Environment (19.0.1+10) (build 19.0.1+10-21)
# Java VM: Java HotSpot(TM) 64-Bit Server VM (19.0.1+10-21, mixed mode, emulated-client, sharing, tiered, compressed oops, compressed class ptrs, g1 gc, windows-amd64)
GC Precious Log:
 CardTable entry size: 512
 Card Set container configuration: InlinePtr #cards 5 size 8 Array Of Cards #cards 12 size 40 Howl #buckets 4 coarsen threshold 1843 Howl Bitmap #cards 512 size 80 coarsen threshold 460 Card regions per heap region 1 cards per card region 2048
 CPUs: 4 total, 4 available
 Memory: 8095M
 Large Page Support: Disabled
 NUMA Support: Disabled
 Compressed Oops: Enabled (32-bit)
 Heap Region Size: 1M
 Heap Min Capacity: 8M
 Heap Initial Capacity: 128M
 Heap Max Capacity: 2024M
 Pre-touch: Disabled
 Parallel Workers: 4
 Concurrent Workers: 1
 Concurrent Refinement Workers: 4
 Periodic GC: Disabled
Heap:
 garbage-first heap   total 75776K, used 57988K [0x0000000081800000, 0x0000000100000000)
  region size 1024K, 35 young (35840K), 2 survivors (2048K)
 Metaspace       used 58750K, committed 59392K, reserved 1114112K
  class space    used 8238K, committed 8512K, reserved 1048576K
GC Heap History (20 events):
Event: 3.153 GC heap before
{Heap before GC invocations=2 (full 0):
 garbage-first heap   total 131072K, used 37962K [0x0000000081800000, 0x0000000100000000)
  region size 1024K, 30 young (30720K), 1 survivors (1024K)
 Metaspace       used 13330K, committed 13632K, reserved 1114112K
  class space    used 1722K, committed 1856K, reserved 1048576K
}
Event: 3.158 GC heap after
{Heap after GC invocations=3 (full 0):
 garbage-first heap   total 131072K, used 11107K [0x0000000081800000, 0x0000000100000000)
  region size 1024K, 3 young (3072K), 3 survivors (3072K)
 Metaspace       used 13330K, committed 13632K, reserved 1114112K
  class space    used 1722K, committed 1856K, reserved 1048576K
}
Event: 3.751 GC heap before
{Heap before GC invocations=3 (full 0):
 garbage-first heap   total 131072K, used 45923K [0x0000000081800000, 0x0000000100000000)
  region size 1024K, 39 young (39936K), 3 survivors (3072K)
 Metaspace       used 21228K, committed 21504K, reserved 1114112K
  class space    used 2734K, committed 2880K, reserved 1048576K
}
Event: 3.759 GC heap after
{Heap after GC invocations=4 (full 0):
 garbage-first heap   total 131072K, used 14084K [0x0000000081800000, 0x0000000100000000)
  region size 1024K, 6 young (6144K), 6 survivors (6144K)
 Metaspace       used 21228K, committed 21504K, reserved 1114112K
  class space    used 2734K, committed 2880K, reserved 1048576K
}
Event: 4.627 GC heap before
{Heap before GC invocations=5 (full 0):
 garbage-first heap   total 58368K, used 41732K [0x0000000081800000, 0x0000000100000000)
  region size 1024K, 34 young (34816K), 6 survivors (6144K)
 Metaspace       used 23437K, committed 23744K, reserved 1114112K
  class space    used 3075K, committed 3200K, reserved 1048576K
}
Event: 4.637 GC heap after
{Heap after GC invocations=6 (full 0):
 garbage-first heap   total 58368K, used 16006K [0x0000000081800000, 0x0000000100000000)
  region size 1024K, 3 young (3072K), 3 survivors (3072K)
 Metaspace       used 23437K, committed 23744K, reserved 1114112K
  class space    used 3075K, committed 3200K, reserved 1048576K
}
Event: 4.674 GC heap before
{Heap before GC invocations=6 (full 0):
 garbage-first heap   total 58368K, used 17030K [0x0000000081800000, 0x0000000100000000)
  region size 1024K, 4 young (4096K), 3 survivors (3072K)
 Metaspace       used 23522K, committed 23808K, reserved 1114112K
  class space    used 3089K, committed 3200K, reserved 1048576K
}
Event: 4.678 GC heap after
{Heap after GC invocations=7 (full 0):
 garbage-first heap   total 58368K, used 16277K [0x0000000081800000, 0x0000000100000000)
  region size 1024K, 1 young (1024K), 1 survivors (1024K)
 Metaspace       used 23522K, committed 23808K, reserved 1114112K
  class space    used 3089K, committed 3200K, reserved 1048576K
}
Event: 5.336 GC heap before
{Heap before GC invocations=7 (full 0):
 garbage-first heap   total 58368K, used 37781K [0x0000000081800000, 0x0000000100000000)
  region size 1024K, 23 young (23552K), 1 survivors (1024K)
 Metaspace       used 27308K, committed 27712K, reserved 1114112K
  class space    used 3733K, committed 3904K, reserved 1048576K
}
Event: 5.339 GC heap after
{Heap after GC invocations=8 (full 0):
 garbage-first heap   total 58368K, used 17502K [0x0000000081800000, 0x0000000100000000)
  region size 1024K, 2 young (2048K), 2 survivors (2048K)
 Metaspace       used 27308K, committed 27712K, reserved 1114112K
  class space    used 3733K, committed 3904K, reserved 1048576K
}
Event: 5.888 GC heap before
{Heap before GC invocations=8 (full 0):
 garbage-first heap   total 58368K, used 40030K [0x0000000081800000, 0x0000000100000000)
  region size 1024K, 25 young (25600K), 2 survivors (2048K)
 Metaspace       used 32078K, committed 32512K, reserved 1114112K
  class space    used 4397K, committed 4608K, reserved 1048576K
}
Event: 5.895 GC heap after
{Heap after GC invocations=9 (full 0):
 garbage-first heap   total 58368K, used 19874K [0x0000000081800000, 0x0000000100000000)
  region size 1024K, 4 young (4096K), 4 survivors (4096K)
 Metaspace       used 32078K, committed 32512K, reserved 1114112K
  class space    used 4397K, committed 4608K, reserved 1048576K
}
Event: 6.510 GC heap before
{Heap before GC invocations=9 (full 0):
 garbage-first heap   total 58368K, used 40354K [0x0000000081800000, 0x0000000100000000)
  region size 1024K, 25 young (25600K), 4 survivors (4096K)
 Metaspace       used 35617K, committed 36096K, reserved 1114112K
  class space    used 4832K, committed 5056K, reserved 1048576K
}
Event: 6.520 GC heap after
{Heap after GC invocations=10 (full 0):
 garbage-first heap   total 75776K, used 22049K [0x0000000081800000, 0x0000000100000000)
  region size 1024K, 3 young (3072K), 3 survivors (3072K)
 Metaspace       used 35617K, committed 36096K, reserved 1114112K
  class space    used 4832K, committed 5056K, reserved 1048576K
}
Event: 7.566 GC heap before
{Heap before GC invocations=11 (full 0):
 garbage-first heap   total 75776K, used 54817K [0x0000000081800000, 0x0000000100000000)
  region size 1024K, 36 young (36864K), 3 survivors (3072K)
 Metaspace       used 43847K, committed 44416K, reserved 1114112K
  class space    used 6006K, committed 6272K, reserved 1048576K
}
Event: 7.573 GC heap after
{Heap after GC invocations=12 (full 0):
 garbage-first heap   total 75776K, used 24033K [0x0000000081800000, 0x0000000100000000)
  region size 1024K, 5 young (5120K), 5 survivors (5120K)
 Metaspace       used 43847K, committed 44416K, reserved 1114112K
  class space    used 6006K, committed 6272K, reserved 1048576K
}
Event: 7.598 GC heap before
{Heap before GC invocations=12 (full 0):
 garbage-first heap   total 75776K, used 25057K [0x0000000081800000, 0x0000000100000000)
  region size 1024K, 6 young (6144K), 5 survivors (5120K)
 Metaspace       used 44059K, committed 44544K, reserved 1114112K
  class space    used 6037K, committed 6272K, reserved 1048576K
}
Event: 7.607 GC heap after
{Heap after GC invocations=13 (full 0):
 garbage-first heap   total 75776K, used 23987K [0x0000000081800000, 0x0000000100000000)
  region size 1024K, 1 young (1024K), 1 survivors (1024K)
 Metaspace       used 44059K, committed 44544K, reserved 1114112K
  class space    used 6037K, committed 6272K, reserved 1048576K
}
Event: 8.517 GC heap before
{Heap before GC invocations=13 (full 0):
 garbage-first heap   total 75776K, used 56755K [0x0000000081800000, 0x0000000100000000)
  region size 1024K, 34 young (34816K), 1 survivors (1024K)
 Metaspace       used 53370K, committed 53952K, reserved 1114112K
  class space    used 7503K, committed 7744K, reserved 1048576K
}
Event: 8.521 GC heap after
{Heap after GC invocations=14 (full 0):
 garbage-first heap   total 75776K, used 25220K [0x0000000081800000, 0x0000000100000000)
  region size 1024K, 2 young (2048K), 2 survivors (2048K)
 Metaspace       used 53370K, committed 53952K, reserved 1114112K
  class space    used 7503K, committed 7744K, reserved 1048576K
}

